<?xml version="1.0" encoding="UTF-8"?>
<testng-results ignored="0" total="2" passed="2" failed="0" skipped="0">
  <reporter-output>
  </reporter-output>
  <suite started-at="2020-07-09T15:51:59 IST" name="Suite" finished-at="2020-07-09T15:52:28 IST" duration-ms="28549">
    <groups>
    </groups>
    <test started-at="2020-07-09T15:51:59 IST" name="Test" finished-at="2020-07-09T15:52:28 IST" duration-ms="28549">
      <class name="com.Selenium.PracticeTest">
        <test-method signature="loginChrome()[pri:0, instance:com.Selenium.PracticeTest@f4168b8]" started-at="2020-07-09T15:51:59 IST" name="loginChrome" finished-at="2020-07-09T15:52:08 IST" duration-ms="9266" status="PASS">
          <reporter-output>
          </reporter-output>
        </test-method> <!-- loginChrome -->
        <test-method signature="loginFirefox()[pri:0, instance:com.Selenium.PracticeTest@f4168b8]" started-at="2020-07-09T15:52:08 IST" name="loginFirefox" finished-at="2020-07-09T15:52:28 IST" duration-ms="19237" status="PASS">
          <reporter-output>
          </reporter-output>
        </test-method> <!-- loginFirefox -->
      </class> <!-- com.Selenium.PracticeTest -->
    </test> <!-- Test -->
  </suite> <!-- Suite -->
</testng-results>
